2026-02-08T17:32:17.348543+00:00 | proton.vpn.split_tunneling.interface:52 | WARNING | Split tunneling backend not found
2026-02-08T17:32:18.344151+00:00 | proton.vpn.core.connection:508 | INFO | CONN:STATE_CHANGED | Disconnected (initial state)
2026-02-08T17:32:18.637030+00:00 | proton.vpn.app.gtk.app:57 | INFO | APP:PROCESS_START | self=<app.App object at 0x7f003ef95e00 (proton+vpn+app+gtk+app+App at 0xe265ba0)>

(protonvpn-app:59557): libayatana-appindicator-WARNING **: 18:32:18.743: libayatana-appindicator is deprecated. Please use libayatana-appindicator-glib in newly written code.
2026-02-08T17:32:18.752469+00:00 | proton.vpn.core.refresher.vpn_data_refresher:200 | INFO | APP.VPN_DATA_REFRESHER:ENABLE | VPN data refresher service enabled.
2026-02-08T17:32:18.752642+00:00 | proton.vpn.core.refresher.vpn_data_refresher:208 | INFO | Next client config refresh scheduled in 0:00:00
2026-02-08T17:32:18.752777+00:00 | proton.vpn.core.refresher.vpn_data_refresher:217 | INFO | Next server list refresh scheduled in 0:00:00
2026-02-08T17:32:18.753204+00:00 | proton.vpn.core.refresher.vpn_data_refresher:226 | INFO | Next certificate refresh scheduled in 0:00:00
2026-02-08T17:32:18.753318+00:00 | proton.vpn.core.refresher.vpn_data_refresher:235 | INFO | Next feature flags refresh scheduled in 0:00:00
2026-02-08T17:32:18.753531+00:00 | proton.vpn.session.utils:108 | INFO | API:REQUEST | '/vpn/v2/clientconfig'
2026-02-08T17:32:18.753946+00:00 | proton.vpn.session.utils:108 | INFO | API:REQUEST | '/vpn/v1/logicals?SecureCoreFilter=all'
2026-02-08T17:32:18.755067+00:00 | proton.vpn.session.utils:108 | INFO | API:REQUEST | '/vpn/v1/certificate'
2026-02-08T17:32:18.755237+00:00 | proton.vpn.session.utils:108 | INFO | API:REQUEST | '/feature/v2/frontend'
2026-02-08T17:32:18.789328+00:00 | proton.vpn.app.gtk.services.reconnector.reconnector:95 | INFO | VPN reconnector enabled.
2026-02-08T17:32:18.970808+00:00 | proton.vpn.app.gtk.controller:147 | INFO | APP.STARTUP:STARTUP_ACTIONS | Running startup actions
2026-02-08T17:32:18.971007+00:00 | proton.vpn.app.gtk.widgets.vpn.vpn_widget:199 | INFO | APP.VPN:WIDGET_READY | VPN widget is ready (load time: 0.22 seconds)
2026-02-08T17:32:19.049216+00:00 | proton.vpn.app.gtk.services.reconnector.reconnector:175 | INFO | Network connectivity was detected.
2026-02-08T17:32:21.166148+00:00 | proton.vpn.app.gtk.widgets.vpn.quick_connect_widget:104 | INFO | UI.TRAY:CONNECT | Connect to fastest server
2026-02-08T17:32:21.691001+00:00 | proton.vpn.core.connection:400 | INFO | CONN.CONNECT:START | Server: NL-FREE#82 / Domain: node-nl-118.protonvpn.net / IP: 185.177.126.14 / OpenVPN Ports: ProtocolPorts(udp=[80, 51820, 4569, 1194, 5060], tcp=[443, 7770, 8443]) / WireGuard Ports: ProtocolPorts(udp=[443, 88, 1224, 51820, 500, 4500], tcp=[443]) / Protocol: wireguard / Backend: None
2026-02-08T17:32:21.992903+00:00 | proton.vpn.core.connection:415 | INFO | Using certificate based authentication for openvpn: True
2026-02-08T17:32:21.993406+00:00 | proton.vpn.core.connection:508 | INFO | CONN:STATE_CHANGED | Connecting
2026-02-08T17:32:23.341583+00:00 | proton.vpn.backend.networkmanager.core.networkmanager:91 | INFO | VPN server REACHABLE.
2026-02-08T17:32:23.830737+00:00 | proton.vpn.backend.networkmanager.core.localagent_mixin:69 | INFO | Waiting for agent status from node-nl-118.protonvpn.net...
2026-02-08T17:32:24.497512+00:00 | proton.vpn.backend.networkmanager.core.localagent_mixin:128 | INFO | Using default VPN connection features.
2026-02-08T17:32:25.172068+00:00 | proton.vpn.local_agent/transport_stream.rs:80 | INFO | Receiving: Response { status: Some(StatusMessage { state: Connected, reason: None, features: Some(AgentFeatures { netshield_level: Some(0), randomized_nat: Some(true), split_tcp: Some(true), port_forwarding: Some(false), forwarded_port: None, jail: Some(false), bouncing: Some("3") }), connection_details: Some(ConnectionDetails { device_ip: Some("102.68.192.22"), device_country: Some("MG"), server_ipv4: Some("185.177.126.128"), server_ipv6: Some("2a00:7c80:0:3c1::14") }), features_statistics: None }), error: None }
2026-02-08T17:32:25.173077+00:00 | proton.vpn.backend.networkmanager.core.localagent_mixin:139 | INFO | Agent status received: Status { state: CONNECTED, reason: None, features: Some(AgentFeatures { features: AgentFeatures { netshield_level: Some(0), randomized_nat: Some(true), split_tcp: Some(true), port_forwarding: Some(false), forwarded_port: None, jail: Some(false), bouncing: Some("3") } }), connection_details: Some(ConnectionDetails { device_ip: "102.68.192.xxx", device_country: Some("MG"), server_ipv4: Some("185.177.126.128"), server_ipv6: Some("2a00:7c80:0:3c1::14") }) }
2026-02-08T17:32:25.174034+00:00 | proton.vpn.core.connection:508 | INFO | CONN:STATE_CHANGED | Connected
2026-02-08T17:32:28.625976+00:00 | proton.vpn.session.utils:112 | INFO | API:RESPONSE | '/feature/v2/frontend'
2026-02-08T17:32:28.634387+00:00 | proton.vpn.core.refresher.feature_flags_refresher:94 | INFO | Next feature flag refresh scheduled in 1:56:02.176786
2026-02-08T17:32:29.185407+00:00 | proton.vpn.session.utils:112 | INFO | API:RESPONSE | '/vpn/v1/certificate'
2026-02-08T17:32:29.188012+00:00 | proton.vpn.core.connection:171 | INFO | Updating credentials for current connection.
2026-02-08T17:32:29.188918+00:00 | proton.vpn.backend.networkmanager.core.localagent_mixin:66 | INFO | Closing existing agent connection...
2026-02-08T17:32:29.189221+00:00 | proton.vpn.backend.networkmanager.core.local_agent.listener:72 | INFO | Agent listener successfully stopped.
2026-02-08T17:32:29.189430+00:00 | proton.vpn.backend.networkmanager.core.localagent_mixin:69 | INFO | Waiting for agent status from node-nl-118.protonvpn.net...
2026-02-08T17:32:29.613673+00:00 | proton.vpn.backend.networkmanager.core.localagent_mixin:128 | INFO | Using default VPN connection features.
2026-02-08T17:32:30.301252+00:00 | proton.vpn.local_agent/transport_stream.rs:80 | INFO | Receiving: Response { status: Some(StatusMessage { state: Connected, reason: None, features: Some(AgentFeatures { netshield_level: Some(0), randomized_nat: Some(true), split_tcp: Some(true), port_forwarding: Some(false), forwarded_port: None, jail: Some(false), bouncing: Some("3") }), connection_details: Some(ConnectionDetails { device_ip: Some("102.68.192.22"), device_country: Some("MG"), server_ipv4: Some("185.177.126.128"), server_ipv6: Some("2a00:7c80:0:3c1::14") }), features_statistics: None }), error: None }
2026-02-08T17:32:30.302010+00:00 | proton.vpn.backend.networkmanager.core.localagent_mixin:139 | INFO | Agent status received: Status { state: CONNECTED, reason: None, features: Some(AgentFeatures { features: AgentFeatures { netshield_level: Some(0), randomized_nat: Some(true), split_tcp: Some(true), port_forwarding: Some(false), forwarded_port: None, jail: Some(false), bouncing: Some("3") } }), connection_details: Some(ConnectionDetails { device_ip: "102.68.192.xxx", device_country: Some("MG"), server_ipv4: Some("185.177.126.128"), server_ipv6: Some("2a00:7c80:0:3c1::14") }) }
2026-02-08T17:32:30.303052+00:00 | proton.vpn.core.connection:508 | INFO | CONN:STATE_CHANGED | Connected
2026-02-08T17:32:39.472942+00:00 | proton.vpn.session.utils:112 | INFO | API:RESPONSE | '/vpn/v2/clientconfig'
2026-02-08T17:32:39.474581+00:00 | proton.vpn.core.refresher.client_config_refresher:95 | INFO | Next client config refresh scheduled in 2:45:07.251335
2026-02-08T17:32:39.768330+00:00 | proton.vpn.session.utils:112 | INFO | API:RESPONSE | '/vpn/v1/logicals?SecureCoreFilter=all'
2026-02-08T17:32:39.873562+00:00 | proton.vpn.core.refresher.server_list_refresher:89 | INFO | Next server list refresh scheduled in 0:15:22.602147
2026-02-08T17:32:40.100521+00:00 | proton.vpn.app.gtk.widgets.vpn.serverlist.serverlist:127 | INFO | Full server list widget update completed in 0.23 seconds.
2026-02-08T17:48:12.494571+00:00 | proton.vpn.session.utils:108 | INFO | API:REQUEST | '/vpn/v1/loads'
2026-02-08T17:48:47.531198+00:00 | proton.vpn.core.refresher.server_list_refresher:73 | WARNING | Server list refresh failed: No working transports found
2026-02-08T17:48:47.531640+00:00 | proton.vpn.core.refresher.server_list_refresher:89 | INFO | Next server list refresh scheduled in 0:16:46.270959
2026-02-08T17:53:27.722198+00:00 | proton.vpn.local_agent/transport_stream.rs:92 | INFO | TransportStream::close
2026-02-08T17:53:27.725202+00:00 | proton.vpn.local_agent/transport_stream.rs:96 | INFO | TransportStream::close:send shutdown
2026-02-08T17:53:27.725620+00:00 | proton.vpn.backend.networkmanager.core.localagent_mixin:85 | WARNING | Agent connection dropped (#1). Retrying in 4.7 seconds.
2026-02-08T17:53:32.821908+00:00 | proton.vpn.backend.networkmanager.core.localagent_mixin:128 | INFO | Using default VPN connection features.
2026-02-08T17:53:33.513141+00:00 | proton.vpn.local_agent/transport_stream.rs:80 | INFO | Receiving: Response { status: Some(StatusMessage { state: Connected, reason: None, features: Some(AgentFeatures { netshield_level: Some(0), randomized_nat: Some(true), split_tcp: Some(true), port_forwarding: Some(false), forwarded_port: None, jail: Some(false), bouncing: Some("3") }), connection_details: Some(ConnectionDetails { device_ip: Some("102.68.192.213"), device_country: Some("MG"), server_ipv4: Some("185.177.126.128"), server_ipv6: Some("2a00:7c80:0:3c1::14") }), features_statistics: None }), error: None }
2026-02-08T17:53:33.513713+00:00 | proton.vpn.backend.networkmanager.core.localagent_mixin:139 | INFO | Agent status received: Status { state: CONNECTED, reason: None, features: Some(AgentFeatures { features: AgentFeatures { netshield_level: Some(0), randomized_nat: Some(true), split_tcp: Some(true), port_forwarding: Some(false), forwarded_port: None, jail: Some(false), bouncing: Some("3") } }), connection_details: Some(ConnectionDetails { device_ip: "102.68.192.xxx", device_country: Some("MG"), server_ipv4: Some("185.177.126.128"), server_ipv6: Some("2a00:7c80:0:3c1::14") }) }
2026-02-08T17:53:33.514637+00:00 | proton.vpn.core.connection:508 | INFO | CONN:STATE_CHANGED | Connected
2026-02-08T18:05:36.706156+00:00 | proton.vpn.session.utils:108 | INFO | API:REQUEST | '/vpn/v1/loads'
2026-02-08T18:05:43.198697+00:00 | proton.vpn.session.utils:112 | INFO | API:RESPONSE | '/vpn/v1/loads'
2026-02-08T18:05:43.206913+00:00 | asyncio:1879 | ERROR | Task exception was never retrieved
future: <Task finished name='Task-75' coro=<AlternativeRoutingTransport._async_dns_query() done, defined at /usr/lib/python3/dist-packages/proton/session/transports/alternativerouting.py:69> exception=ConnectionTimeoutError('Connection timeout to host https://9.9.9.11/dns-query')>
Traceback (most recent call last):
  File "/usr/lib/python3/dist-packages/aiohttp/connector.py", line 1298, in _wrap_create_connection
    sock = await aiohappyeyeballs.start_connection(
           ^^^^^^^^^^^^^^^^^^^^^^^^^^^^^^^^^^^^^^^^
    ...<6 lines>...
    )
    ^
  File "/usr/lib/python3/dist-packages/aiohappyeyeballs/impl.py", line 73, in start_connection
    sock = await _connect_sock(
           ^^^^^^^^^^^^^^^^^^^^
    ...<6 lines>...
    )
    ^
  File "/usr/lib/python3/dist-packages/aiohappyeyeballs/impl.py", line 208, in _connect_sock
    await loop.sock_connect(sock, address)
  File "/usr/lib/python3.13/asyncio/selector_events.py", line 641, in sock_connect
    return await fut
           ^^^^^^^^^
asyncio.exceptions.CancelledError

The above exception was the direct cause of the following exception:

Traceback (most recent call last):
  File "/usr/lib/python3/dist-packages/aiohttp/client.py", line 734, in _connect_and_send_request
    conn = await self._connector.connect(
           ^^^^^^^^^^^^^^^^^^^^^^^^^^^^^^
        req, traces=traces, timeout=real_timeout
        ^^^^^^^^^^^^^^^^^^^^^^^^^^^^^^^^^^^^^^^^
    )
    ^
  File "/usr/lib/python3/dist-packages/aiohttp/connector.py", line 672, in connect
    proto = await self._create_connection(req, traces, timeout)
            ^^^^^^^^^^^^^^^^^^^^^^^^^^^^^^^^^^^^^^^^^^^^^^^^^^^
  File "/usr/lib/python3/dist-packages/aiohttp/connector.py", line 1239, in _create_connection
    _, proto = await self._create_direct_connection(req, traces, timeout)
               ^^^^^^^^^^^^^^^^^^^^^^^^^^^^^^^^^^^^^^^^^^^^^^^^^^^^^^^^^^
  File "/usr/lib/python3/dist-packages/aiohttp/connector.py", line 1611, in _create_direct_connection
    raise last_exc
  File "/usr/lib/python3/dist-packages/aiohttp/connector.py", line 1580, in _create_direct_connection
    transp, proto = await self._wrap_create_connection(
                    ^^^^^^^^^^^^^^^^^^^^^^^^^^^^^^^^^^^
    ...<7 lines>...
    )
    ^
  File "/usr/lib/python3/dist-packages/aiohttp/connector.py", line 1295, in _wrap_create_connection
    async with ceil_timeout(
               ~~~~~~~~~~~~^
        timeout.sock_connect, ceil_threshold=timeout.ceil_threshold
        ^^^^^^^^^^^^^^^^^^^^^^^^^^^^^^^^^^^^^^^^^^^^^^^^^^^^^^^^^^^
    ):
    ^
  File "/usr/lib/python3.13/asyncio/timeouts.py", line 116, in __aexit__
    raise TimeoutError from exc_val
TimeoutError

The above exception was the direct cause of the following exception:

Traceback (most recent call last):
  File "/usr/lib/python3/dist-packages/proton/session/transports/alternativerouting.py", line 82, in _async_dns_query
    async with session.post(dot_url, headers=[("Content-Type","application/dns-message")], data=dns_request) as r:
               ~~~~~~~~~~~~^^^^^^^^^^^^^^^^^^^^^^^^^^^^^^^^^^^^^^^^^^^^^^^^^^^^^^^^^^^^^^^^^^^^^^^^^^^^^^^^^
  File "/usr/lib/python3/dist-packages/aiohttp/client.py", line 1510, in __aenter__
    self._resp: _RetType = await self._coro
                           ^^^^^^^^^^^^^^^^
  File "/usr/lib/python3/dist-packages/aiohttp/client.py", line 779, in _request
    resp = await handler(req)
           ^^^^^^^^^^^^^^^^^^
  File "/usr/lib/python3/dist-packages/aiohttp/client.py", line 738, in _connect_and_send_request
    raise ConnectionTimeoutError(
        f"Connection timeout to host {req.url}"
    ) from exc
aiohttp.client_exceptions.ConnectionTimeoutError: Connection timeout to host https://9.9.9.11/dns-query
2026-02-08T18:05:43.219732+00:00 | asyncio:1879 | ERROR | Task exception was never retrieved
future: <Task finished name='Task-76' coro=<AlternativeRoutingTransport._async_dns_query() done, defined at /usr/lib/python3/dist-packages/proton/session/transports/alternativerouting.py:69> exception=ConnectionTimeoutError('Connection timeout to host https://[2620:fe::fe:11]/dns-query')>
Traceback (most recent call last):
  File "/usr/lib/python3/dist-packages/aiohttp/connector.py", line 1298, in _wrap_create_connection
    sock = await aiohappyeyeballs.start_connection(
           ^^^^^^^^^^^^^^^^^^^^^^^^^^^^^^^^^^^^^^^^
    ...<6 lines>...
    )
    ^
  File "/usr/lib/python3/dist-packages/aiohappyeyeballs/impl.py", line 73, in start_connection
    sock = await _connect_sock(
           ^^^^^^^^^^^^^^^^^^^^
    ...<6 lines>...
    )
    ^
  File "/usr/lib/python3/dist-packages/aiohappyeyeballs/impl.py", line 208, in _connect_sock
    await loop.sock_connect(sock, address)
  File "/usr/lib/python3.13/asyncio/selector_events.py", line 641, in sock_connect
    return await fut
           ^^^^^^^^^
asyncio.exceptions.CancelledError

The above exception was the direct cause of the following exception:

Traceback (most recent call last):
  File "/usr/lib/python3/dist-packages/aiohttp/client.py", line 734, in _connect_and_send_request
    conn = await self._connector.connect(
           ^^^^^^^^^^^^^^^^^^^^^^^^^^^^^^
        req, traces=traces, timeout=real_timeout
        ^^^^^^^^^^^^^^^^^^^^^^^^^^^^^^^^^^^^^^^^
    )
    ^
  File "/usr/lib/python3/dist-packages/aiohttp/connector.py", line 672, in connect
    proto = await self._create_connection(req, traces, timeout)
            ^^^^^^^^^^^^^^^^^^^^^^^^^^^^^^^^^^^^^^^^^^^^^^^^^^^
  File "/usr/lib/python3/dist-packages/aiohttp/connector.py", line 1239, in _create_connection
    _, proto = await self._create_direct_connection(req, traces, timeout)
               ^^^^^^^^^^^^^^^^^^^^^^^^^^^^^^^^^^^^^^^^^^^^^^^^^^^^^^^^^^
  File "/usr/lib/python3/dist-packages/aiohttp/connector.py", line 1611, in _create_direct_connection
    raise last_exc
  File "/usr/lib/python3/dist-packages/aiohttp/connector.py", line 1580, in _create_direct_connection
    transp, proto = await self._wrap_create_connection(
                    ^^^^^^^^^^^^^^^^^^^^^^^^^^^^^^^^^^^
    ...<7 lines>...
    )
    ^
  File "/usr/lib/python3/dist-packages/aiohttp/connector.py", line 1295, in _wrap_create_connection
    async with ceil_timeout(
               ~~~~~~~~~~~~^
        timeout.sock_connect, ceil_threshold=timeout.ceil_threshold
        ^^^^^^^^^^^^^^^^^^^^^^^^^^^^^^^^^^^^^^^^^^^^^^^^^^^^^^^^^^^
    ):
    ^
  File "/usr/lib/python3.13/asyncio/timeouts.py", line 116, in __aexit__
    raise TimeoutError from exc_val
TimeoutError

The above exception was the direct cause of the following exception:

Traceback (most recent call last):
  File "/usr/lib/python3/dist-packages/proton/session/transports/alternativerouting.py", line 82, in _async_dns_query
    async with session.post(dot_url, headers=[("Content-Type","application/dns-message")], data=dns_request) as r:
               ~~~~~~~~~~~~^^^^^^^^^^^^^^^^^^^^^^^^^^^^^^^^^^^^^^^^^^^^^^^^^^^^^^^^^^^^^^^^^^^^^^^^^^^^^^^^^
  File "/usr/lib/python3/dist-packages/aiohttp/client.py", line 1510, in __aenter__
    self._resp: _RetType = await self._coro
                           ^^^^^^^^^^^^^^^^
  File "/usr/lib/python3/dist-packages/aiohttp/client.py", line 779, in _request
    resp = await handler(req)
           ^^^^^^^^^^^^^^^^^^
  File "/usr/lib/python3/dist-packages/aiohttp/client.py", line 738, in _connect_and_send_request
    raise ConnectionTimeoutError(
        f"Connection timeout to host {req.url}"
    ) from exc
aiohttp.client_exceptions.ConnectionTimeoutError: Connection timeout to host https://[2620:fe::fe:11]/dns-query
2026-02-08T18:05:43.222860+00:00 | asyncio:1879 | ERROR | Task exception was never retrieved
future: <Task finished name='Task-77' coro=<AlternativeRoutingTransport._async_dns_query() done, defined at /usr/lib/python3/dist-packages/proton/session/transports/alternativerouting.py:69> exception=ConnectionTimeoutError('Connection timeout to host https://149.112.112.11/dns-query')>
Traceback (most recent call last):
  File "/usr/lib/python3/dist-packages/aiohttp/connector.py", line 1298, in _wrap_create_connection
    sock = await aiohappyeyeballs.start_connection(
           ^^^^^^^^^^^^^^^^^^^^^^^^^^^^^^^^^^^^^^^^
    ...<6 lines>...
    )
    ^
  File "/usr/lib/python3/dist-packages/aiohappyeyeballs/impl.py", line 73, in start_connection
    sock = await _connect_sock(
           ^^^^^^^^^^^^^^^^^^^^
    ...<6 lines>...
    )
    ^
  File "/usr/lib/python3/dist-packages/aiohappyeyeballs/impl.py", line 208, in _connect_sock
    await loop.sock_connect(sock, address)
  File "/usr/lib/python3.13/asyncio/selector_events.py", line 641, in sock_connect
    return await fut
           ^^^^^^^^^
asyncio.exceptions.CancelledError

The above exception was the direct cause of the following exception:

Traceback (most recent call last):
  File "/usr/lib/python3/dist-packages/aiohttp/client.py", line 734, in _connect_and_send_request
    conn = await self._connector.connect(
           ^^^^^^^^^^^^^^^^^^^^^^^^^^^^^^
        req, traces=traces, timeout=real_timeout
        ^^^^^^^^^^^^^^^^^^^^^^^^^^^^^^^^^^^^^^^^
    )
    ^
  File "/usr/lib/python3/dist-packages/aiohttp/connector.py", line 672, in connect
    proto = await self._create_connection(req, traces, timeout)
            ^^^^^^^^^^^^^^^^^^^^^^^^^^^^^^^^^^^^^^^^^^^^^^^^^^^
  File "/usr/lib/python3/dist-packages/aiohttp/connector.py", line 1239, in _create_connection
    _, proto = await self._create_direct_connection(req, traces, timeout)
               ^^^^^^^^^^^^^^^^^^^^^^^^^^^^^^^^^^^^^^^^^^^^^^^^^^^^^^^^^^
  File "/usr/lib/python3/dist-packages/aiohttp/connector.py", line 1611, in _create_direct_connection
    raise last_exc
  File "/usr/lib/python3/dist-packages/aiohttp/connector.py", line 1580, in _create_direct_connection
    transp, proto = await self._wrap_create_connection(
                    ^^^^^^^^^^^^^^^^^^^^^^^^^^^^^^^^^^^
    ...<7 lines>...
    )
    ^
  File "/usr/lib/python3/dist-packages/aiohttp/connector.py", line 1295, in _wrap_create_connection
    async with ceil_timeout(
               ~~~~~~~~~~~~^
        timeout.sock_connect, ceil_threshold=timeout.ceil_threshold
        ^^^^^^^^^^^^^^^^^^^^^^^^^^^^^^^^^^^^^^^^^^^^^^^^^^^^^^^^^^^
    ):
    ^
  File "/usr/lib/python3.13/asyncio/timeouts.py", line 116, in __aexit__
    raise TimeoutError from exc_val
TimeoutError

The above exception was the direct cause of the following exception:

Traceback (most recent call last):
  File "/usr/lib/python3/dist-packages/proton/session/transports/alternativerouting.py", line 82, in _async_dns_query
    async with session.post(dot_url, headers=[("Content-Type","application/dns-message")], data=dns_request) as r:
               ~~~~~~~~~~~~^^^^^^^^^^^^^^^^^^^^^^^^^^^^^^^^^^^^^^^^^^^^^^^^^^^^^^^^^^^^^^^^^^^^^^^^^^^^^^^^^
  File "/usr/lib/python3/dist-packages/aiohttp/client.py", line 1510, in __aenter__
    self._resp: _RetType = await self._coro
                           ^^^^^^^^^^^^^^^^
  File "/usr/lib/python3/dist-packages/aiohttp/client.py", line 779, in _request
    resp = await handler(req)
           ^^^^^^^^^^^^^^^^^^
  File "/usr/lib/python3/dist-packages/aiohttp/client.py", line 738, in _connect_and_send_request
    raise ConnectionTimeoutError(
        f"Connection timeout to host {req.url}"
    ) from exc
aiohttp.client_exceptions.ConnectionTimeoutError: Connection timeout to host https://149.112.112.11/dns-query
2026-02-08T18:05:43.225901+00:00 | asyncio:1879 | ERROR | Task exception was never retrieved
future: <Task finished name='Task-78' coro=<AlternativeRoutingTransport._async_dns_query() done, defined at /usr/lib/python3/dist-packages/proton/session/transports/alternativerouting.py:69> exception=ConnectionTimeoutError('Connection timeout to host https://[2001:4860:4860::8844]/dns-query')>
Traceback (most recent call last):
  File "/usr/lib/python3/dist-packages/aiohttp/connector.py", line 1298, in _wrap_create_connection
    sock = await aiohappyeyeballs.start_connection(
           ^^^^^^^^^^^^^^^^^^^^^^^^^^^^^^^^^^^^^^^^
    ...<6 lines>...
    )
    ^
  File "/usr/lib/python3/dist-packages/aiohappyeyeballs/impl.py", line 73, in start_connection
    sock = await _connect_sock(
           ^^^^^^^^^^^^^^^^^^^^
    ...<6 lines>...
    )
    ^
  File "/usr/lib/python3/dist-packages/aiohappyeyeballs/impl.py", line 208, in _connect_sock
    await loop.sock_connect(sock, address)
  File "/usr/lib/python3.13/asyncio/selector_events.py", line 641, in sock_connect
    return await fut
           ^^^^^^^^^
asyncio.exceptions.CancelledError

The above exception was the direct cause of the following exception:

Traceback (most recent call last):
  File "/usr/lib/python3/dist-packages/aiohttp/client.py", line 734, in _connect_and_send_request
    conn = await self._connector.connect(
           ^^^^^^^^^^^^^^^^^^^^^^^^^^^^^^
        req, traces=traces, timeout=real_timeout
        ^^^^^^^^^^^^^^^^^^^^^^^^^^^^^^^^^^^^^^^^
    )
    ^
  File "/usr/lib/python3/dist-packages/aiohttp/connector.py", line 672, in connect
    proto = await self._create_connection(req, traces, timeout)
            ^^^^^^^^^^^^^^^^^^^^^^^^^^^^^^^^^^^^^^^^^^^^^^^^^^^
  File "/usr/lib/python3/dist-packages/aiohttp/connector.py", line 1239, in _create_connection
    _, proto = await self._create_direct_connection(req, traces, timeout)
               ^^^^^^^^^^^^^^^^^^^^^^^^^^^^^^^^^^^^^^^^^^^^^^^^^^^^^^^^^^
  File "/usr/lib/python3/dist-packages/aiohttp/connector.py", line 1611, in _create_direct_connection
    raise last_exc
  File "/usr/lib/python3/dist-packages/aiohttp/connector.py", line 1580, in _create_direct_connection
    transp, proto = await self._wrap_create_connection(
                    ^^^^^^^^^^^^^^^^^^^^^^^^^^^^^^^^^^^
    ...<7 lines>...
    )
    ^
  File "/usr/lib/python3/dist-packages/aiohttp/connector.py", line 1295, in _wrap_create_connection
    async with ceil_timeout(
               ~~~~~~~~~~~~^
        timeout.sock_connect, ceil_threshold=timeout.ceil_threshold
        ^^^^^^^^^^^^^^^^^^^^^^^^^^^^^^^^^^^^^^^^^^^^^^^^^^^^^^^^^^^
    ):
    ^
  File "/usr/lib/python3.13/asyncio/timeouts.py", line 116, in __aexit__
    raise TimeoutError from exc_val
TimeoutError

The above exception was the direct cause of the following exception:

Traceback (most recent call last):
  File "/usr/lib/python3/dist-packages/proton/session/transports/alternativerouting.py", line 82, in _async_dns_query
    async with session.post(dot_url, headers=[("Content-Type","application/dns-message")], data=dns_request) as r:
               ~~~~~~~~~~~~^^^^^^^^^^^^^^^^^^^^^^^^^^^^^^^^^^^^^^^^^^^^^^^^^^^^^^^^^^^^^^^^^^^^^^^^^^^^^^^^^
  File "/usr/lib/python3/dist-packages/aiohttp/client.py", line 1510, in __aenter__
    self._resp: _RetType = await self._coro
                           ^^^^^^^^^^^^^^^^
  File "/usr/lib/python3/dist-packages/aiohttp/client.py", line 779, in _request
    resp = await handler(req)
           ^^^^^^^^^^^^^^^^^^
  File "/usr/lib/python3/dist-packages/aiohttp/client.py", line 738, in _connect_and_send_request
    raise ConnectionTimeoutError(
        f"Connection timeout to host {req.url}"
    ) from exc
aiohttp.client_exceptions.ConnectionTimeoutError: Connection timeout to host https://[2001:4860:4860::8844]/dns-query
2026-02-08T18:05:43.228942+00:00 | asyncio:1879 | ERROR | Task exception was never retrieved
future: <Task finished name='Task-79' coro=<AlternativeRoutingTransport._async_dns_query() done, defined at /usr/lib/python3/dist-packages/proton/session/transports/alternativerouting.py:69> exception=ConnectionTimeoutError('Connection timeout to host https://8.8.8.8/dns-query')>
Traceback (most recent call last):
  File "/usr/lib/python3/dist-packages/aiohttp/connector.py", line 1298, in _wrap_create_connection
    sock = await aiohappyeyeballs.start_connection(
           ^^^^^^^^^^^^^^^^^^^^^^^^^^^^^^^^^^^^^^^^
    ...<6 lines>...
    )
    ^
  File "/usr/lib/python3/dist-packages/aiohappyeyeballs/impl.py", line 73, in start_connection
    sock = await _connect_sock(
           ^^^^^^^^^^^^^^^^^^^^
    ...<6 lines>...
    )
    ^
  File "/usr/lib/python3/dist-packages/aiohappyeyeballs/impl.py", line 208, in _connect_sock
    await loop.sock_connect(sock, address)
  File "/usr/lib/python3.13/asyncio/selector_events.py", line 641, in sock_connect
    return await fut
           ^^^^^^^^^
asyncio.exceptions.CancelledError

The above exception was the direct cause of the following exception:

Traceback (most recent call last):
  File "/usr/lib/python3/dist-packages/aiohttp/client.py", line 734, in _connect_and_send_request
    conn = await self._connector.connect(
           ^^^^^^^^^^^^^^^^^^^^^^^^^^^^^^
        req, traces=traces, timeout=real_timeout
        ^^^^^^^^^^^^^^^^^^^^^^^^^^^^^^^^^^^^^^^^
    )
    ^
  File "/usr/lib/python3/dist-packages/aiohttp/connector.py", line 672, in connect
    proto = await self._create_connection(req, traces, timeout)
            ^^^^^^^^^^^^^^^^^^^^^^^^^^^^^^^^^^^^^^^^^^^^^^^^^^^
  File "/usr/lib/python3/dist-packages/aiohttp/connector.py", line 1239, in _create_connection
    _, proto = await self._create_direct_connection(req, traces, timeout)
               ^^^^^^^^^^^^^^^^^^^^^^^^^^^^^^^^^^^^^^^^^^^^^^^^^^^^^^^^^^
  File "/usr/lib/python3/dist-packages/aiohttp/connector.py", line 1611, in _create_direct_connection
    raise last_exc
  File "/usr/lib/python3/dist-packages/aiohttp/connector.py", line 1580, in _create_direct_connection
    transp, proto = await self._wrap_create_connection(
                    ^^^^^^^^^^^^^^^^^^^^^^^^^^^^^^^^^^^
    ...<7 lines>...
    )
    ^
  File "/usr/lib/python3/dist-packages/aiohttp/connector.py", line 1295, in _wrap_create_connection
    async with ceil_timeout(
               ~~~~~~~~~~~~^
        timeout.sock_connect, ceil_threshold=timeout.ceil_threshold
        ^^^^^^^^^^^^^^^^^^^^^^^^^^^^^^^^^^^^^^^^^^^^^^^^^^^^^^^^^^^
    ):
    ^
  File "/usr/lib/python3.13/asyncio/timeouts.py", line 116, in __aexit__
    raise TimeoutError from exc_val
TimeoutError

The above exception was the direct cause of the following exception:

Traceback (most recent call last):
  File "/usr/lib/python3/dist-packages/proton/session/transports/alternativerouting.py", line 82, in _async_dns_query
    async with session.post(dot_url, headers=[("Content-Type","application/dns-message")], data=dns_request) as r:
               ~~~~~~~~~~~~^^^^^^^^^^^^^^^^^^^^^^^^^^^^^^^^^^^^^^^^^^^^^^^^^^^^^^^^^^^^^^^^^^^^^^^^^^^^^^^^^
  File "/usr/lib/python3/dist-packages/aiohttp/client.py", line 1510, in __aenter__
    self._resp: _RetType = await self._coro
                           ^^^^^^^^^^^^^^^^
  File "/usr/lib/python3/dist-packages/aiohttp/client.py", line 779, in _request
    resp = await handler(req)
           ^^^^^^^^^^^^^^^^^^
  File "/usr/lib/python3/dist-packages/aiohttp/client.py", line 738, in _connect_and_send_request
    raise ConnectionTimeoutError(
        f"Connection timeout to host {req.url}"
    ) from exc
aiohttp.client_exceptions.ConnectionTimeoutError: Connection timeout to host https://8.8.8.8/dns-query
2026-02-08T18:05:43.232441+00:00 | asyncio:1879 | ERROR | Task exception was never retrieved
future: <Task finished name='Task-80' coro=<AlternativeRoutingTransport._async_dns_query() done, defined at /usr/lib/python3/dist-packages/proton/session/transports/alternativerouting.py:69> exception=ConnectionTimeoutError('Connection timeout to host https://[2620:fe::11]/dns-query')>
Traceback (most recent call last):
  File "/usr/lib/python3/dist-packages/aiohttp/connector.py", line 1298, in _wrap_create_connection
    sock = await aiohappyeyeballs.start_connection(
           ^^^^^^^^^^^^^^^^^^^^^^^^^^^^^^^^^^^^^^^^
    ...<6 lines>...
    )
    ^
  File "/usr/lib/python3/dist-packages/aiohappyeyeballs/impl.py", line 73, in start_connection
    sock = await _connect_sock(
           ^^^^^^^^^^^^^^^^^^^^
    ...<6 lines>...
    )
    ^
  File "/usr/lib/python3/dist-packages/aiohappyeyeballs/impl.py", line 208, in _connect_sock
    await loop.sock_connect(sock, address)
  File "/usr/lib/python3.13/asyncio/selector_events.py", line 641, in sock_connect
    return await fut
           ^^^^^^^^^
asyncio.exceptions.CancelledError

The above exception was the direct cause of the following exception:

Traceback (most recent call last):
  File "/usr/lib/python3/dist-packages/aiohttp/client.py", line 734, in _connect_and_send_request
    conn = await self._connector.connect(
           ^^^^^^^^^^^^^^^^^^^^^^^^^^^^^^
        req, traces=traces, timeout=real_timeout
        ^^^^^^^^^^^^^^^^^^^^^^^^^^^^^^^^^^^^^^^^
    )
    ^
  File "/usr/lib/python3/dist-packages/aiohttp/connector.py", line 672, in connect
    proto = await self._create_connection(req, traces, timeout)
            ^^^^^^^^^^^^^^^^^^^^^^^^^^^^^^^^^^^^^^^^^^^^^^^^^^^
  File "/usr/lib/python3/dist-packages/aiohttp/connector.py", line 1239, in _create_connection
    _, proto = await self._create_direct_connection(req, traces, timeout)
               ^^^^^^^^^^^^^^^^^^^^^^^^^^^^^^^^^^^^^^^^^^^^^^^^^^^^^^^^^^
  File "/usr/lib/python3/dist-packages/aiohttp/connector.py", line 1611, in _create_direct_connection
    raise last_exc
  File "/usr/lib/python3/dist-packages/aiohttp/connector.py", line 1580, in _create_direct_connection
    transp, proto = await self._wrap_create_connection(
                    ^^^^^^^^^^^^^^^^^^^^^^^^^^^^^^^^^^^
    ...<7 lines>...
    )
    ^
  File "/usr/lib/python3/dist-packages/aiohttp/connector.py", line 1295, in _wrap_create_connection
    async with ceil_timeout(
               ~~~~~~~~~~~~^
        timeout.sock_connect, ceil_threshold=timeout.ceil_threshold
        ^^^^^^^^^^^^^^^^^^^^^^^^^^^^^^^^^^^^^^^^^^^^^^^^^^^^^^^^^^^
    ):
    ^
  File "/usr/lib/python3.13/asyncio/timeouts.py", line 116, in __aexit__
    raise TimeoutError from exc_val
TimeoutError

The above exception was the direct cause of the following exception:

Traceback (most recent call last):
  File "/usr/lib/python3/dist-packages/proton/session/transports/alternativerouting.py", line 82, in _async_dns_query
    async with session.post(dot_url, headers=[("Content-Type","application/dns-message")], data=dns_request) as r:
               ~~~~~~~~~~~~^^^^^^^^^^^^^^^^^^^^^^^^^^^^^^^^^^^^^^^^^^^^^^^^^^^^^^^^^^^^^^^^^^^^^^^^^^^^^^^^^
  File "/usr/lib/python3/dist-packages/aiohttp/client.py", line 1510, in __aenter__
    self._resp: _RetType = await self._coro
                           ^^^^^^^^^^^^^^^^
  File "/usr/lib/python3/dist-packages/aiohttp/client.py", line 779, in _request
    resp = await handler(req)
           ^^^^^^^^^^^^^^^^^^
  File "/usr/lib/python3/dist-packages/aiohttp/client.py", line 738, in _connect_and_send_request
    raise ConnectionTimeoutError(
        f"Connection timeout to host {req.url}"
    ) from exc
aiohttp.client_exceptions.ConnectionTimeoutError: Connection timeout to host https://[2620:fe::11]/dns-query
2026-02-08T18:05:43.235610+00:00 | asyncio:1879 | ERROR | Task exception was never retrieved
future: <Task finished name='Task-81' coro=<AlternativeRoutingTransport._async_dns_query() done, defined at /usr/lib/python3/dist-packages/proton/session/transports/alternativerouting.py:69> exception=ConnectionTimeoutError('Connection timeout to host https://8.8.4.4/dns-query')>
Traceback (most recent call last):
  File "/usr/lib/python3/dist-packages/aiohttp/connector.py", line 1298, in _wrap_create_connection
    sock = await aiohappyeyeballs.start_connection(
           ^^^^^^^^^^^^^^^^^^^^^^^^^^^^^^^^^^^^^^^^
    ...<6 lines>...
    )
    ^
  File "/usr/lib/python3/dist-packages/aiohappyeyeballs/impl.py", line 73, in start_connection
    sock = await _connect_sock(
           ^^^^^^^^^^^^^^^^^^^^
    ...<6 lines>...
    )
    ^
  File "/usr/lib/python3/dist-packages/aiohappyeyeballs/impl.py", line 208, in _connect_sock
    await loop.sock_connect(sock, address)
  File "/usr/lib/python3.13/asyncio/selector_events.py", line 641, in sock_connect
    return await fut
           ^^^^^^^^^
asyncio.exceptions.CancelledError

The above exception was the direct cause of the following exception:

Traceback (most recent call last):
  File "/usr/lib/python3/dist-packages/aiohttp/client.py", line 734, in _connect_and_send_request
    conn = await self._connector.connect(
           ^^^^^^^^^^^^^^^^^^^^^^^^^^^^^^
        req, traces=traces, timeout=real_timeout
        ^^^^^^^^^^^^^^^^^^^^^^^^^^^^^^^^^^^^^^^^
    )
    ^
  File "/usr/lib/python3/dist-packages/aiohttp/connector.py", line 672, in connect
    proto = await self._create_connection(req, traces, timeout)
            ^^^^^^^^^^^^^^^^^^^^^^^^^^^^^^^^^^^^^^^^^^^^^^^^^^^
  File "/usr/lib/python3/dist-packages/aiohttp/connector.py", line 1239, in _create_connection
    _, proto = await self._create_direct_connection(req, traces, timeout)
               ^^^^^^^^^^^^^^^^^^^^^^^^^^^^^^^^^^^^^^^^^^^^^^^^^^^^^^^^^^
  File "/usr/lib/python3/dist-packages/aiohttp/connector.py", line 1611, in _create_direct_connection
    raise last_exc
  File "/usr/lib/python3/dist-packages/aiohttp/connector.py", line 1580, in _create_direct_connection
    transp, proto = await self._wrap_create_connection(
                    ^^^^^^^^^^^^^^^^^^^^^^^^^^^^^^^^^^^
    ...<7 lines>...
    )
    ^
  File "/usr/lib/python3/dist-packages/aiohttp/connector.py", line 1295, in _wrap_create_connection
    async with ceil_timeout(
               ~~~~~~~~~~~~^
        timeout.sock_connect, ceil_threshold=timeout.ceil_threshold
        ^^^^^^^^^^^^^^^^^^^^^^^^^^^^^^^^^^^^^^^^^^^^^^^^^^^^^^^^^^^
    ):
    ^
  File "/usr/lib/python3.13/asyncio/timeouts.py", line 116, in __aexit__
    raise TimeoutError from exc_val
TimeoutError

The above exception was the direct cause of the following exception:

Traceback (most recent call last):
  File "/usr/lib/python3/dist-packages/proton/session/transports/alternativerouting.py", line 82, in _async_dns_query
    async with session.post(dot_url, headers=[("Content-Type","application/dns-message")], data=dns_request) as r:
               ~~~~~~~~~~~~^^^^^^^^^^^^^^^^^^^^^^^^^^^^^^^^^^^^^^^^^^^^^^^^^^^^^^^^^^^^^^^^^^^^^^^^^^^^^^^^^
  File "/usr/lib/python3/dist-packages/aiohttp/client.py", line 1510, in __aenter__
    self._resp: _RetType = await self._coro
                           ^^^^^^^^^^^^^^^^
  File "/usr/lib/python3/dist-packages/aiohttp/client.py", line 779, in _request
    resp = await handler(req)
           ^^^^^^^^^^^^^^^^^^
  File "/usr/lib/python3/dist-packages/aiohttp/client.py", line 738, in _connect_and_send_request
    raise ConnectionTimeoutError(
        f"Connection timeout to host {req.url}"
    ) from exc
aiohttp.client_exceptions.ConnectionTimeoutError: Connection timeout to host https://8.8.4.4/dns-query
2026-02-08T18:05:43.238650+00:00 | asyncio:1879 | ERROR | Task exception was never retrieved
future: <Task finished name='Task-82' coro=<AlternativeRoutingTransport._async_dns_query() done, defined at /usr/lib/python3/dist-packages/proton/session/transports/alternativerouting.py:69> exception=ConnectionTimeoutError('Connection timeout to host https://[2001:4860:4860::8888]/dns-query')>
Traceback (most recent call last):
  File "/usr/lib/python3/dist-packages/aiohttp/connector.py", line 1298, in _wrap_create_connection
    sock = await aiohappyeyeballs.start_connection(
           ^^^^^^^^^^^^^^^^^^^^^^^^^^^^^^^^^^^^^^^^
    ...<6 lines>...
    )
    ^
  File "/usr/lib/python3/dist-packages/aiohappyeyeballs/impl.py", line 73, in start_connection
    sock = await _connect_sock(
           ^^^^^^^^^^^^^^^^^^^^
    ...<6 lines>...
    )
    ^
  File "/usr/lib/python3/dist-packages/aiohappyeyeballs/impl.py", line 208, in _connect_sock
    await loop.sock_connect(sock, address)
  File "/usr/lib/python3.13/asyncio/selector_events.py", line 641, in sock_connect
    return await fut
           ^^^^^^^^^
asyncio.exceptions.CancelledError

The above exception was the direct cause of the following exception:

Traceback (most recent call last):
  File "/usr/lib/python3/dist-packages/aiohttp/client.py", line 734, in _connect_and_send_request
    conn = await self._connector.connect(
           ^^^^^^^^^^^^^^^^^^^^^^^^^^^^^^
        req, traces=traces, timeout=real_timeout
        ^^^^^^^^^^^^^^^^^^^^^^^^^^^^^^^^^^^^^^^^
    )
    ^
  File "/usr/lib/python3/dist-packages/aiohttp/connector.py", line 672, in connect
    proto = await self._create_connection(req, traces, timeout)
            ^^^^^^^^^^^^^^^^^^^^^^^^^^^^^^^^^^^^^^^^^^^^^^^^^^^
  File "/usr/lib/python3/dist-packages/aiohttp/connector.py", line 1239, in _create_connection
    _, proto = await self._create_direct_connection(req, traces, timeout)
               ^^^^^^^^^^^^^^^^^^^^^^^^^^^^^^^^^^^^^^^^^^^^^^^^^^^^^^^^^^
  File "/usr/lib/python3/dist-packages/aiohttp/connector.py", line 1611, in _create_direct_connection
    raise last_exc
  File "/usr/lib/python3/dist-packages/aiohttp/connector.py", line 1580, in _create_direct_connection
    transp, proto = await self._wrap_create_connection(
                    ^^^^^^^^^^^^^^^^^^^^^^^^^^^^^^^^^^^
    ...<7 lines>...
    )
    ^
  File "/usr/lib/python3/dist-packages/aiohttp/connector.py", line 1295, in _wrap_create_connection
    async with ceil_timeout(
               ~~~~~~~~~~~~^
        timeout.sock_connect, ceil_threshold=timeout.ceil_threshold
        ^^^^^^^^^^^^^^^^^^^^^^^^^^^^^^^^^^^^^^^^^^^^^^^^^^^^^^^^^^^
    ):
    ^
  File "/usr/lib/python3.13/asyncio/timeouts.py", line 116, in __aexit__
    raise TimeoutError from exc_val
TimeoutError

The above exception was the direct cause of the following exception:

Traceback (most recent call last):
  File "/usr/lib/python3/dist-packages/proton/session/transports/alternativerouting.py", line 82, in _async_dns_query
    async with session.post(dot_url, headers=[("Content-Type","application/dns-message")], data=dns_request) as r:
               ~~~~~~~~~~~~^^^^^^^^^^^^^^^^^^^^^^^^^^^^^^^^^^^^^^^^^^^^^^^^^^^^^^^^^^^^^^^^^^^^^^^^^^^^^^^^^
  File "/usr/lib/python3/dist-packages/aiohttp/client.py", line 1510, in __aenter__
    self._resp: _RetType = await self._coro
                           ^^^^^^^^^^^^^^^^
  File "/usr/lib/python3/dist-packages/aiohttp/client.py", line 779, in _request
    resp = await handler(req)
           ^^^^^^^^^^^^^^^^^^
  File "/usr/lib/python3/dist-packages/aiohttp/client.py", line 738, in _connect_and_send_request
    raise ConnectionTimeoutError(
        f"Connection timeout to host {req.url}"
    ) from exc
aiohttp.client_exceptions.ConnectionTimeoutError: Connection timeout to host https://[2001:4860:4860::8888]/dns-query
2026-02-08T18:05:43.358023+00:00 | proton.vpn.core.refresher.server_list_refresher:89 | INFO | Next server list refresh scheduled in 0:16:13.951854
2026-02-08T18:05:43.374321+00:00 | proton.vpn.app.gtk.widgets.vpn.serverlist.serverlist:144 | INFO | Partial server list widget update completed in 0.02 seconds.
2026-02-08T18:22:00.812740+00:00 | proton.vpn.session.utils:108 | INFO | API:REQUEST | '/vpn/v1/loads'
2026-02-08T18:22:05.736464+00:00 | proton.vpn.session.utils:112 | INFO | API:RESPONSE | '/vpn/v1/loads'
2026-02-08T18:22:05.841287+00:00 | proton.vpn.core.refresher.server_list_refresher:89 | INFO | Next server list refresh scheduled in 0:17:08.412907
2026-02-08T18:22:05.854741+00:00 | proton.vpn.app.gtk.widgets.vpn.serverlist.serverlist:144 | INFO | Partial server list widget update completed in 0.01 seconds.
2026-02-08T18:39:15.018380+00:00 | proton.vpn.session.utils:108 | INFO | API:REQUEST | '/vpn/v1/loads'
2026-02-08T18:39:20.395007+00:00 | proton.vpn.session.utils:112 | INFO | API:RESPONSE | '/vpn/v1/loads'
2026-02-08T18:39:20.544806+00:00 | proton.vpn.core.refresher.server_list_refresher:89 | INFO | Next server list refresh scheduled in 0:15:48.938897
2026-02-08T18:39:20.559142+00:00 | proton.vpn.app.gtk.widgets.vpn.serverlist.serverlist:144 | INFO | Partial server list widget update completed in 0.01 seconds.
2026-02-08T18:55:19.096515+00:00 | proton.vpn.session.utils:108 | INFO | API:REQUEST | '/vpn/v1/loads'
2026-02-08T18:55:24.225363+00:00 | proton.vpn.session.utils:112 | INFO | API:RESPONSE | '/vpn/v1/loads'
2026-02-08T18:55:24.368577+00:00 | proton.vpn.core.refresher.server_list_refresher:89 | INFO | Next server list refresh scheduled in 0:15:41.650736
2026-02-08T18:55:24.381591+00:00 | proton.vpn.app.gtk.widgets.vpn.serverlist.serverlist:144 | INFO | Partial server list widget update completed in 0.01 seconds.
2026-02-08T19:11:13.274204+00:00 | proton.vpn.session.utils:108 | INFO | API:REQUEST | '/vpn/v1/loads'
2026-02-08T19:11:18.153635+00:00 | proton.vpn.session.utils:112 | INFO | API:RESPONSE | '/vpn/v1/loads'
2026-02-08T19:11:18.336982+00:00 | proton.vpn.core.refresher.server_list_refresher:89 | INFO | Next server list refresh scheduled in 0:17:32.066953
2026-02-08T19:11:18.351591+00:00 | proton.vpn.app.gtk.widgets.vpn.serverlist.serverlist:144 | INFO | Partial server list widget update completed in 0.01 seconds.
2026-02-08T19:28:37.610341+00:00 | proton.vpn.session.utils:108 | INFO | API:REQUEST | '/feature/v2/frontend'
2026-02-08T19:28:39.524760+00:00 | proton.vpn.session.utils:112 | INFO | API:RESPONSE | '/feature/v2/frontend'
2026-02-08T19:28:39.530928+00:00 | proton.vpn.core.refresher.feature_flags_refresher:94 | INFO | Next feature flag refresh scheduled in 1:43:58.312227
2026-02-08T19:28:57.698047+00:00 | proton.vpn.session.utils:108 | INFO | API:REQUEST | '/vpn/v1/loads'
2026-02-08T19:29:02.098849+00:00 | proton.vpn.session.utils:112 | INFO | API:RESPONSE | '/vpn/v1/loads'
2026-02-08T19:29:02.221598+00:00 | proton.vpn.core.refresher.server_list_refresher:89 | INFO | Next server list refresh scheduled in 0:16:28.139238
2026-02-08T19:29:02.236714+00:00 | proton.vpn.app.gtk.widgets.vpn.serverlist.serverlist:144 | INFO | Partial server list widget update completed in 0.01 seconds.
2026-02-08T19:45:31.968627+00:00 | proton.vpn.session.utils:108 | INFO | API:REQUEST | '/vpn/v1/loads'
2026-02-08T19:45:46.306548+00:00 | proton.vpn.session.utils:112 | INFO | API:RESPONSE | '/vpn/v1/loads'
2026-02-08T19:45:46.451144+00:00 | proton.vpn.core.refresher.server_list_refresher:89 | INFO | Next server list refresh scheduled in 0:15:43.260347
2026-02-08T19:45:46.464206+00:00 | proton.vpn.app.gtk.widgets.vpn.serverlist.serverlist:144 | INFO | Partial server list widget update completed in 0.01 seconds.
2026-02-08T20:01:36.170534+00:00 | proton.vpn.session.utils:108 | INFO | API:REQUEST | '/vpn/v1/loads'
2026-02-08T20:01:40.338560+00:00 | proton.vpn.session.utils:112 | INFO | API:RESPONSE | '/vpn/v1/loads'
2026-02-08T20:01:40.481450+00:00 | proton.vpn.core.refresher.server_list_refresher:89 | INFO | Next server list refresh scheduled in 0:17:34.554454
2026-02-08T20:01:40.494656+00:00 | proton.vpn.app.gtk.widgets.vpn.serverlist.serverlist:144 | INFO | Partial server list widget update completed in 0.01 seconds.
2026-02-08T20:17:50.339710+00:00 | proton.vpn.session.utils:108 | INFO | API:REQUEST | '/vpn/v2/clientconfig'
2026-02-08T20:17:52.003285+00:00 | proton.vpn.session.utils:112 | INFO | API:RESPONSE | '/vpn/v2/clientconfig'
2026-02-08T20:17:52.005478+00:00 | proton.vpn.core.refresher.client_config_refresher:95 | INFO | Next client config refresh scheduled in 2:25:05.725935
2026-02-08T20:19:20.768345+00:00 | proton.vpn.session.utils:108 | INFO | API:REQUEST | '/vpn/v1/loads'
2026-02-08T20:19:25.515811+00:00 | proton.vpn.session.utils:112 | INFO | API:RESPONSE | '/vpn/v1/loads'
2026-02-08T20:19:25.662229+00:00 | proton.vpn.core.refresher.server_list_refresher:89 | INFO | Next server list refresh scheduled in 0:13:19.660165
2026-02-08T20:19:25.687218+00:00 | proton.vpn.app.gtk.widgets.vpn.serverlist.serverlist:144 | INFO | Partial server list widget update completed in 0.02 seconds.
2026-02-08T20:32:54.354675+00:00 | proton.vpn.session.utils:108 | INFO | API:REQUEST | '/vpn/v1/loads'
2026-02-08T20:33:01.014928+00:00 | proton.vpn.session.utils:112 | INFO | API:RESPONSE | '/vpn/v1/loads'
2026-02-08T20:33:01.144206+00:00 | proton.vpn.core.refresher.server_list_refresher:89 | INFO | Next server list refresh scheduled in 0:03:18.518369
2026-02-08T20:33:01.178643+00:00 | proton.vpn.app.gtk.widgets.vpn.serverlist.serverlist:144 | INFO | Partial server list widget update completed in 0.03 seconds.
2026-02-08T20:36:25.266792+00:00 | proton.vpn.session.utils:108 | INFO | API:REQUEST | '/vpn/v1/logicals?SecureCoreFilter=all'
2026-02-08T20:36:26.608731+00:00 | proton.vpn.session.utils:112 | INFO | API:RESPONSE | '/vpn/v1/logicals?SecureCoreFilter=all'
2026-02-08T20:36:26.674167+00:00 | proton.vpn.core.refresher.server_list_refresher:89 | INFO | Next server list refresh scheduled in 0:16:22.134246
2026-02-08T20:36:26.884051+00:00 | proton.vpn.app.gtk.widgets.vpn.serverlist.serverlist:127 | INFO | Full server list widget update completed in 0.21 seconds.
2026-02-08T20:52:49.586641+00:00 | proton.vpn.session.utils:108 | INFO | API:REQUEST | '/vpn/v1/loads'
2026-02-08T20:52:54.552584+00:00 | proton.vpn.session.utils:112 | INFO | API:RESPONSE | '/vpn/v1/loads'
2026-02-08T20:52:54.694302+00:00 | proton.vpn.core.refresher.server_list_refresher:89 | INFO | Next server list refresh scheduled in 0:13:55.373525
2026-02-08T20:52:54.707756+00:00 | proton.vpn.app.gtk.widgets.vpn.serverlist.serverlist:144 | INFO | Partial server list widget update completed in 0.01 seconds.
2026-02-08T21:06:53.222533+00:00 | proton.vpn.session.utils:108 | INFO | API:REQUEST | '/vpn/v1/loads'
2026-02-08T21:06:58.571182+00:00 | proton.vpn.session.utils:112 | INFO | API:RESPONSE | '/vpn/v1/loads'
2026-02-08T21:06:58.711149+00:00 | proton.vpn.core.refresher.server_list_refresher:89 | INFO | Next server list refresh scheduled in 0:13:17.280108
2026-02-08T21:06:58.725816+00:00 | proton.vpn.app.gtk.widgets.vpn.serverlist.serverlist:144 | INFO | Partial server list widget update completed in 0.01 seconds.
2026-02-08T21:12:44.602506+00:00 | proton.vpn.session.utils:108 | INFO | API:REQUEST | '/feature/v2/frontend'
2026-02-08T21:12:45.732123+00:00 | proton.vpn.session.utils:112 | INFO | API:RESPONSE | '/feature/v2/frontend'
2026-02-08T21:12:45.734339+00:00 | proton.vpn.core.refresher.feature_flags_refresher:94 | INFO | Next feature flag refresh scheduled in 2:02:43.134967
Gdk-Message: 22:13:35.940: Error reading events from display: Relais brisé (pipe)
2026-02-13T07:44:58.254977+00:00 | proton.vpn.split_tunneling.interface:52 | WARNING | Split tunneling backend not found
2026-02-13T07:45:00.657447+00:00 | proton.vpn.core.connection:508 | INFO | CONN:STATE_CHANGED | Disconnected (initial state)
2026-02-13T07:45:01.294027+00:00 | proton.vpn.app.gtk.app:57 | INFO | APP:PROCESS_START | self=<app.App object at 0x7f0e0d2e3800 (proton+vpn+app+gtk+app+App at 0x1b17eae0)>

(protonvpn-app:43661): libayatana-appindicator-WARNING **: 08:45:01.601: libayatana-appindicator is deprecated. Please use libayatana-appindicator-glib in newly written code.
2026-02-13T07:45:01.623774+00:00 | proton.vpn.core.refresher.vpn_data_refresher:200 | INFO | APP.VPN_DATA_REFRESHER:ENABLE | VPN data refresher service enabled.
2026-02-13T07:45:01.624410+00:00 | proton.vpn.core.refresher.vpn_data_refresher:208 | INFO | Next client config refresh scheduled in 0:00:00
2026-02-13T07:45:01.624974+00:00 | proton.vpn.core.refresher.vpn_data_refresher:217 | INFO | Next server list refresh scheduled in 0:00:00
2026-02-13T07:45:01.626553+00:00 | proton.vpn.core.refresher.vpn_data_refresher:226 | INFO | Next certificate refresh scheduled in 15:47:26.373600
2026-02-13T07:45:01.627027+00:00 | proton.vpn.core.refresher.vpn_data_refresher:235 | INFO | Next feature flags refresh scheduled in 0:00:00
2026-02-13T07:45:01.627794+00:00 | proton.vpn.session.utils:108 | INFO | API:REQUEST | '/vpn/v2/clientconfig'
2026-02-13T07:45:01.629167+00:00 | proton.vpn.session.utils:108 | INFO | API:REQUEST | '/vpn/v1/logicals?SecureCoreFilter=all'
2026-02-13T07:45:01.629740+00:00 | proton.vpn.session.utils:108 | INFO | API:REQUEST | '/feature/v2/frontend'
2026-02-13T07:45:01.740682+00:00 | proton.vpn.app.gtk.services.reconnector.reconnector:95 | INFO | VPN reconnector enabled.
2026-02-13T07:45:02.482241+00:00 | proton.vpn.app.gtk.controller:147 | INFO | APP.STARTUP:STARTUP_ACTIONS | Running startup actions
2026-02-13T07:45:02.482734+00:00 | proton.vpn.app.gtk.widgets.vpn.vpn_widget:199 | INFO | APP.VPN:WIDGET_READY | VPN widget is ready (load time: 0.86 seconds)
2026-02-13T07:45:02.494572+00:00 | proton.vpn.app.gtk.services.reconnector.reconnector:175 | INFO | Network connectivity was detected.
2026-02-13T07:45:03.357330+00:00 | proton.vpn.session.utils:112 | INFO | API:RESPONSE | '/feature/v2/frontend'
2026-02-13T07:45:03.364138+00:00 | proton.vpn.core.refresher.feature_flags_refresher:94 | INFO | Next feature flag refresh scheduled in 1:34:35.694468
2026-02-13T07:45:04.101364+00:00 | proton.vpn.app.gtk.widgets.vpn.quick_connect_widget:104 | INFO | UI.TRAY:CONNECT | Connect to fastest server
2026-02-13T07:45:04.828068+00:00 | proton.vpn.core.connection:400 | INFO | CONN.CONNECT:START | Server: SG-FREE#12 / Domain: node-sg-36.protonvpn.net / IP: 103.216.221.66 / OpenVPN Ports: ProtocolPorts(udp=[80, 51820, 4569, 1194, 5060], tcp=[443, 7770, 8443]) / WireGuard Ports: ProtocolPorts(udp=[443, 88, 1224, 51820, 500, 4500], tcp=[443]) / Protocol: wireguard / Backend: None
2026-02-13T07:45:05.568332+00:00 | proton.vpn.core.connection:415 | INFO | Using certificate based authentication for openvpn: True
2026-02-13T07:45:05.569807+00:00 | proton.vpn.core.connection:508 | INFO | CONN:STATE_CHANGED | Connecting
2026-02-13T07:45:05.570448+00:00 | proton.vpn.app.gtk.widgets.vpn.quick_connect_widget:104 | INFO | UI.TRAY:CONNECT | Connect to fastest server
2026-02-13T07:45:05.595563+00:00 | proton.vpn.core.connection:400 | INFO | CONN.CONNECT:START | Server: SG-FREE#12 / Domain: node-sg-36.protonvpn.net / IP: 103.216.221.66 / OpenVPN Ports: ProtocolPorts(udp=[80, 51820, 4569, 1194, 5060], tcp=[443, 7770, 8443]) / WireGuard Ports: ProtocolPorts(udp=[443, 88, 1224, 51820, 500, 4500], tcp=[443]) / Protocol: wireguard / Backend: None
2026-02-13T07:45:05.597231+00:00 | proton.vpn.core.connection:415 | INFO | Using certificate based authentication for openvpn: True
2026-02-13T07:45:07.023795+00:00 | proton.vpn.backend.networkmanager.core.networkmanager:91 | INFO | VPN server REACHABLE.
2026-02-13T07:45:07.378149+00:00 | proton.vpn.core.connection:508 | INFO | CONN:STATE_CHANGED | Disconnecting
2026-02-13T07:45:07.657414+00:00 | proton.vpn.core.connection:508 | INFO | CONN:STATE_CHANGED | Disconnected
2026-02-13T07:45:07.660551+00:00 | proton.vpn.core.connection:508 | INFO | CONN:STATE_CHANGED | Connecting
2026-02-13T07:45:08.087573+00:00 | proton.vpn.backend.networkmanager.core.networkmanager:91 | INFO | VPN server REACHABLE.
2026-02-13T07:45:08.588165+00:00 | proton.vpn.backend.networkmanager.core.localagent_mixin:69 | INFO | Waiting for agent status from node-sg-36.protonvpn.net...
2026-02-13T07:45:09.064469+00:00 | proton.vpn.backend.networkmanager.core.localagent_mixin:128 | INFO | Using default VPN connection features.
2026-02-13T07:45:10.206754+00:00 | proton.vpn.local_agent/transport_stream.rs:80 | INFO | Receiving: Response { status: Some(StatusMessage { state: Connected, reason: None, features: Some(AgentFeatures { netshield_level: Some(0), randomized_nat: Some(true), split_tcp: Some(true), port_forwarding: Some(false), forwarded_port: None, jail: Some(false), bouncing: Some("3") }), connection_details: Some(ConnectionDetails { device_ip: Some("102.68.195.22"), device_country: Some("MG"), server_ipv4: Some("103.216.221.79"), server_ipv6: None }), features_statistics: None }), error: None }
2026-02-13T07:45:10.208057+00:00 | proton.vpn.backend.networkmanager.core.localagent_mixin:139 | INFO | Agent status received: Status { state: CONNECTED, reason: None, features: Some(AgentFeatures { features: AgentFeatures { netshield_level: Some(0), randomized_nat: Some(true), split_tcp: Some(true), port_forwarding: Some(false), forwarded_port: None, jail: Some(false), bouncing: Some("3") } }), connection_details: Some(ConnectionDetails { device_ip: "102.68.195.xxx", device_country: Some("MG"), server_ipv4: Some("103.216.221.79"), server_ipv6: None }) }
2026-02-13T07:45:10.209122+00:00 | proton.vpn.core.connection:508 | INFO | CONN:STATE_CHANGED | Connected
2026-02-13T07:45:23.476917+00:00 | proton.vpn.session.utils:112 | INFO | API:RESPONSE | '/vpn/v2/clientconfig'
2026-02-13T07:45:23.478818+00:00 | proton.vpn.core.refresher.client_config_refresher:95 | INFO | Next client config refresh scheduled in 3:26:04.069205
2026-02-13T07:45:24.577276+00:00 | proton.vpn.session.utils:112 | INFO | API:RESPONSE | '/vpn/v1/logicals?SecureCoreFilter=all'
2026-02-13T07:45:24.867597+00:00 | proton.vpn.core.refresher.server_list_refresher:89 | INFO | Next server list refresh scheduled in 0:12:29.827381
2026-02-13T07:45:25.695135+00:00 | proton.vpn.app.gtk.widgets.vpn.serverlist.serverlist:127 | INFO | Full server list widget update completed in 0.83 seconds.
